<?xml version="1.0" encoding="UTF-8"?>
<testng-results skipped="0" failed="0" total="1" passed="1">
  <reporter-output>
  </reporter-output>
  <suite name="Suite" duration-ms="17136" started-at="2018-10-07T15:10:26Z" finished-at="2018-10-07T15:10:43Z">
    <groups>
    </groups>
    <test name="Test" duration-ms="17136" started-at="2018-10-07T15:10:26Z" finished-at="2018-10-07T15:10:43Z">
      <class name="automation.sample.Sample">
        <test-method status="PASS" signature="launchBrowser()[pri:0, instance:automation.sample.Sample@23223dd8]" name="launchBrowser" duration-ms="17123" started-at="2018-10-07T08:10:26Z" finished-at="2018-10-07T08:10:43Z">
          <reporter-output>
          </reporter-output>
        </test-method> <!-- launchBrowser -->
      </class> <!-- automation.sample.Sample -->
    </test> <!-- Test -->
  </suite> <!-- Suite -->
</testng-results>
